%!Adobe-FontList 1.20
%Locale:0x409

%BeginFont
Handler:DirectoryHandler
FontType:TrueType
FontName:iCielBrandonText-Bold
FamilyName:iCiel Brandon Text
StyleName:Bold
FullName:iCiel Brandon Text Bold
MenuName:iCiel Brandon Text Bold
StyleBits:0
WritingScript:Roman
OutlineFileName:C:\Users\Readex\Desktop\diagram-xay-dung-ung-dung-day-hoc-truc-tuyen\Font\Bandon.ttf
DataFormat:sfntData
hasSVG:no
VariableFontType:NonVariableFont
FileLength:576756
FileModTime:1457616810
WeightClass:400
WidthClass:5
AngleClass:0
NameArray:0,Mac,4,iCiel Brandon Text Bold
NameArray:0,Win,1,iCiel Brandon Text Bold
NameArray:0,Win,16,iCiel Brandon Text
%EndFont

